<?xml version="1.0" encoding="UTF-8"?>
<testsuite xmlns:xsi="http://www.w3.org/2001/XMLSchema-instance" xsi:noNamespaceSchemaLocation="https://maven.apache.org/surefire/maven-surefire-plugin/xsd/surefire-test-report.xsd" name="com.adactin.runner.Runner" time="36.553" tests="31" errors="0" skipped="0" failures="0">
  <properties>
[...]
</properties>
  <testcase name="Given user enter application url" classname="| aarthyrajeev | abc123 |" time="0.001"/>
  <testcase name="Given user enter application url" classname="| aarthyrajeev | abc123 |" time="0"/>
  <testcase name="When user enter &quot;tamlmani&quot; as username" classname="| aarthyrajeev | abc123 |" time="0"/>
  <testcase name="And user enter &quot;8B4J34&quot; as password" classname="| aarthyrajeev | abc123 |" time="0"/>
  <testcase name="Then user verify the username in the homepage" classname="| aarthyrajeev | abc123 |" time="0"/>
  <testcase name="Then user verify the username in the homepage" classname="| aarthyrajeev | abc123 |" time="0"/>
  <testcase name="When user enter &quot;aarthyrajeev&quot; as username" classname="| aarthyrajeev | abc123 |" time="0"/>
  <testcase name="And user enter &quot;abc123&quot; as password" classname="| aarthyrajeev | abc123 |" time="0"/>
  <testcase name="| aarthyrajeev | abc123 |" classname="| aarthyrajeev | abc123 |" time="0.011"/>
  <testcase name="Given user enter application url" classname="Scenario: sucessful search into the adactin application with valid credential" time="0"/>
  <testcase name="When user enter &quot;tamlmani&quot; as username" classname="Scenario: sucessful search into the adactin application with valid credential" time="0"/>
  <testcase name="And user enter &quot;8B4J34&quot; as password" classname="Scenario: sucessful search into the adactin application with valid credential" time="0.001"/>
  <testcase name="Then user verify the username in the homepage" classname="Scenario: sucessful search into the adactin application with valid credential" time="0.001"/>
  <testcase name="When user select the location" classname="Scenario: sucessful search into the adactin application with valid credential" time="0"/>
  <testcase name="And user select the hotels" classname="Scenario: sucessful search into the adactin application with valid credential" time="0"/>
  <testcase name="And user select roomtype" classname="Scenario: sucessful search into the adactin application with valid credential" time="0"/>
  <testcase name="And user select roomno" classname="Scenario: sucessful search into the adactin application with valid credential" time="0"/>
  <testcase name="Then user click submitbutton" classname="Scenario: sucessful search into the adactin application with valid credential" time="0"/>
  <testcase name="When user click select radio button" classname="Scenario: sucessful search into the adactin application with valid credential" time="0"/>
  <testcase name="Then user click contiue button" classname="Scenario: sucessful search into the adactin application with valid credential" time="0"/>
  <testcase name="When user enter firstname" classname="Scenario: sucessful search into the adactin application with valid credential" time="0"/>
  <testcase name="And user enter lastname" classname="Scenario: sucessful search into the adactin application with valid credential" time="0"/>
  <testcase name="And user enter address" classname="Scenario: sucessful search into the adactin application with valid credential" time="0"/>
  <testcase name="And user enter creditcardno" classname="Scenario: sucessful search into the adactin application with valid credential" time="0"/>
  <testcase name="And user enter creditcardtype" classname="Scenario: sucessful search into the adactin application with valid credential" time="0"/>
  <testcase name="And user enter expmon ofcreditcard" classname="Scenario: sucessful search into the adactin application with valid credential" time="0"/>
  <testcase name="And user enter expyear ofcreditcard" classname="Scenario: sucessful search into the adactin application with valid credential" time="0.003"/>
  <testcase name="And user enter cvv" classname="Scenario: sucessful search into the adactin application with valid credential" time="0"/>
  <testcase name="And user enter booknow button" classname="Scenario: sucessful search into the adactin application with valid credential" time="0"/>
  <testcase name="Then user click logout in the paymentpage" classname="Scenario: sucessful search into the adactin application with valid credential" time="0"/>
  <testcase name="Scenario: sucessful search into the adactin application with valid credential" classname="Scenario: sucessful search into the adactin application with valid credential" time="0"/>
</testsuite>